2024-10-30 13:58:26,344 INFO  [Log] Test called: Testing the authentication has started 
2024-10-30 13:58:26,855 INFO  [Log] Navigating to https://www.saucedemo.com/ 
2024-10-30 13:58:29,071 INFO  [Log] Test called: Testing the purchase of several items has started 
2024-10-30 13:58:29,502 INFO  [Log] Navigating to https://www.saucedemo.com/ 
2024-10-30 14:03:15,480 INFO  [Log] Test called: Testing the authentication has started 
2024-10-30 14:03:15,867 INFO  [Log] Navigating to https://www.saucedemo.com/ 
2024-10-30 14:03:17,775 INFO  [Log] Test called: Testing the purchase of several items has started 
2024-10-30 14:03:18,116 INFO  [Log] Navigating to https://www.saucedemo.com/ 
2024-10-30 14:28:39,176 INFO  [Log] Test called: Testing the authentication has started 
2024-10-30 14:28:39,670 INFO  [Log] Navigating to https://www.saucedemo.com/ 
2024-10-30 14:28:40,391 INFO  [Log] Test called: Testing the purchase of several items has started 
2024-10-30 14:28:40,459 INFO  [Log] Navigating to https://www.saucedemo.com/ 
2024-10-30 17:11:22,121 INFO  [Log] Test called: Testing the authentication has started 
2024-10-30 17:11:22,909 INFO  [Log] Navigating to https://www.saucedemo.com/ 
2024-10-30 17:11:23,890 INFO  [Log] Test called: Testing the purchase of several items has started 
2024-10-30 17:11:24,007 INFO  [Log] Navigating to https://www.saucedemo.com/ 
2024-10-30 17:12:16,870 INFO  [Log] Test called: Testing the authentication has started 
2024-10-30 17:12:17,403 INFO  [Log] Navigating to https://www.saucedemo.com/ 
2024-10-30 17:12:19,889 INFO  [Log] Test called: Testing the purchase of several items has started 
2024-10-30 17:12:20,994 INFO  [Log] Navigating to https://www.saucedemo.com/ 
2024-10-30 17:14:54,258 INFO  [Log] Test called: Testing the authentication has started 
2024-10-30 17:14:55,262 INFO  [Log] Navigating to https://www.saucedemo.com/ 
2024-10-30 17:14:57,489 INFO  [Log] Test called: Testing the purchase of several items has started 
2024-10-30 17:14:57,616 INFO  [Log] Navigating to https://www.saucedemo.com/ 
2024-10-30 17:20:12,421 INFO  [Log] Test called: Testing the authentication has started 
2024-10-30 17:20:13,308 INFO  [Log] Navigating to https://www.saucedemo.com/ 
2024-10-30 17:20:15,668 INFO  [Log] Test called: Testing the purchase of several items has started 
2024-10-30 17:20:16,072 INFO  [Log] Navigating to https://www.saucedemo.com/ 
2024-10-30 17:23:02,001 INFO  [Log] Test called: Testing the authentication has started 
2024-10-30 17:23:02,672 INFO  [Log] Navigating to https://www.saucedemo.com/ 
2024-10-30 17:23:04,885 INFO  [Log] Test called: Testing the purchase of several items has started 
2024-10-30 17:23:05,295 INFO  [Log] Navigating to https://www.saucedemo.com/ 
2024-10-30 17:24:19,187 INFO  [Log] Test called: Testing the authentication has started 
2024-10-30 17:24:19,526 INFO  [Log] Navigating to https://www.saucedemo.com/ 
2024-10-30 17:24:21,788 INFO  [Log] Test called: Testing the purchase of several items has started 
2024-10-30 17:24:21,897 INFO  [Log] Navigating to https://www.saucedemo.com/ 
2024-10-30 17:26:24,423 INFO  [Log] Test called: Testing the authentication has started 
2024-10-30 17:26:24,926 INFO  [Log] Navigating to https://www.saucedemo.com/ 
2024-10-30 17:26:42,007 INFO  [Log] Test called: Testing the purchase of several items has started 
2024-10-30 17:26:42,643 INFO  [Log] Navigating to https://www.saucedemo.com/ 
2024-10-30 17:30:56,965 INFO  [Log] Test called: Testing the authentication has started 
2024-10-30 17:30:57,436 INFO  [Log] Navigating to https://www.saucedemo.com/ 
2024-10-30 17:31:02,702 INFO  [Log] Test called: Testing the purchase of several items has started 
2024-10-30 17:31:03,256 INFO  [Log] Navigating to https://www.saucedemo.com/ 
2024-10-30 17:31:08,964 INFO  [Log] Test called: testing end to end has started 
2024-10-30 17:31:09,701 INFO  [Log] Navigating to https://www.saucedemo.com/ 
2024-10-31 12:04:42,471 INFO  [Log] Test called: Testing the authentication has started 
2024-10-31 12:04:43,995 INFO  [Log] Navigating to https://www.saucedemo.com/ 
2024-10-31 12:05:45,437 INFO  [Log] Test called: Testing the authentication has started 
2024-10-31 12:05:46,530 INFO  [Log] Navigating to https://www.saucedemo.com/ 
2024-10-31 12:26:06,564 INFO  [Log] Test called: Testing the authentication has started 
2024-10-31 12:26:07,542 INFO  [Log] Navigating to https://www.saucedemo.com/ 
2024-10-31 12:27:37,601 INFO  [Log] Test called: Testing the authentication has started 
2024-10-31 12:27:38,181 INFO  [Log] Navigating to https://www.saucedemo.com/ 
2024-10-31 12:34:02,691 INFO  [Log] Test called: Testing the authentication has started 
2024-10-31 12:34:03,726 INFO  [Log] Navigating to https://www.saucedemo.com/ 
2024-10-31 13:21:30,806 INFO  [Log] Test called: Testing the authentication has started 
2024-10-31 13:21:31,298 INFO  [Log] Navigating to https://www.saucedemo.com/ 
2024-10-31 13:27:01,358 INFO  [Log] Test called: Testing the authentication has started 
2024-10-31 13:27:02,274 INFO  [Log] Navigating to https://www.saucedemo.com/ 
2024-10-31 13:39:31,486 INFO  [Log] Test called: Testing the authentication has started 
2024-10-31 13:39:32,535 INFO  [Log] Navigating to https://www.saucedemo.com/ 
2024-10-31 13:45:39,057 INFO  [Log] Test called: Testing the authentication has started 
2024-10-31 13:45:39,624 INFO  [Log] Navigating to https://www.saucedemo.com/ 
2024-10-31 13:52:08,030 INFO  [Log] Test called: Testing the authentication has started 
2024-10-31 13:52:08,634 INFO  [Log] Navigating to https://www.saucedemo.com/ 
2024-10-31 13:52:26,511 INFO  [Log] Test called: Testing the purchase of several items has started 
2024-10-31 13:52:27,697 INFO  [Log] Navigating to https://www.saucedemo.com/ 
2024-10-31 13:59:48,728 INFO  [Log] Test called: Testing the authentication has started 
2024-10-31 13:59:49,411 INFO  [Log] Navigating to https://www.saucedemo.com/ 
2024-10-31 14:00:06,512 INFO  [Log] Test called: Testing the purchase of several items has started 
2024-10-31 14:00:07,070 INFO  [Log] Navigating to https://www.saucedemo.com/ 
2024-10-31 14:01:03,576 INFO  [Log] Test called: Testing the authentication has started 
2024-10-31 14:01:04,267 INFO  [Log] Navigating to https://www.saucedemo.com/ 
2024-10-31 14:01:30,829 INFO  [Log] Test called: Testing the purchase of several items has started 
2024-10-31 14:01:31,331 INFO  [Log] Navigating to https://www.saucedemo.com/ 
2024-10-31 14:01:57,359 INFO  [Log] Test called: testing end to end has started 
2024-10-31 14:01:58,514 INFO  [Log] Navigating to https://www.saucedemo.com/ 
2024-10-31 14:10:42,358 INFO  [Log] Test called: Testing the authentication has started 
2024-10-31 14:10:42,822 INFO  [Log] Navigating to https://www.saucedemo.com/ 
2024-10-31 14:11:09,361 INFO  [Log] Test called: Testing the purchase of several items has started 
2024-10-31 14:11:09,822 INFO  [Log] Navigating to https://www.saucedemo.com/ 
2024-10-31 14:11:35,852 INFO  [Log] Test called: testing end to end has started 
2024-10-31 14:11:36,783 INFO  [Log] Navigating to https://www.saucedemo.com/ 
2024-10-31 15:32:30,097 INFO  [Log] Test called: Testing the authentication has started 
2024-10-31 15:32:30,548 INFO  [Log] Navigating to https://www.saucedemo.com/ 
2024-10-31 15:32:35,410 INFO  [Log] Test called: Testing the purchase of several items has started 
2024-10-31 15:32:35,752 INFO  [Log] Navigating to https://www.saucedemo.com/ 
2024-10-31 15:32:40,901 INFO  [Log] Test called: testing end to end has started 
2024-10-31 15:32:41,246 INFO  [Log] Navigating to https://www.saucedemo.com/ 
2024-10-31 15:37:56,517 INFO  [Log] Test called: Testing the authentication has started 
2024-10-31 15:37:57,079 INFO  [Log] Navigating to https://www.saucedemo.com/ 
2024-10-31 15:38:23,708 INFO  [Log] Test called: Testing the purchase of several items has started 
2024-10-31 15:38:24,425 INFO  [Log] Navigating to https://www.saucedemo.com/ 
2024-10-31 15:38:50,002 INFO  [Log] Test called: testing end to end has started 
2024-10-31 15:38:50,403 INFO  [Log] Navigating to https://www.saucedemo.com/ 
2024-10-31 15:43:59,312 INFO  [Log] Test called: Testing the authentication has started 
2024-10-31 15:43:59,723 INFO  [Log] Navigating to https://www.saucedemo.com/ 
2024-10-31 15:44:25,737 INFO  [Log] Test called: Testing the purchase of several items has started 
2024-10-31 15:44:26,113 INFO  [Log] Navigating to https://www.saucedemo.com/ 
2024-10-31 15:44:51,467 INFO  [Log] Test called: testing end to end has started 
2024-10-31 15:44:51,823 INFO  [Log] Navigating to https://www.saucedemo.com/ 
2024-11-05 12:25:55,483 INFO  [Log] Test called: Testing the authentication has started 
2024-11-05 12:25:55,885 INFO  [Log] Navigating to https://www.saucedemo.com/ 
2024-11-05 12:26:38,554 INFO  [Log] Test called: Testing the authentication has started 
2024-11-05 12:26:38,935 INFO  [Log] Navigating to https://www.saucedemo.com/ 
2024-11-05 12:28:49,938 INFO  [Log] Test called: Testing the authentication has started 
2024-11-05 12:28:50,313 INFO  [Log] Navigating to https://www.saucedemo.com/ 
2024-11-05 12:42:14,332 INFO  [Log] Test called: Testing the authentication has started 
2024-11-05 12:42:14,699 INFO  [Log] Navigating to https://www.saucedemo.com/ 
2024-11-05 12:43:42,868 INFO  [Log] Test called: Testing the authentication has started 
2024-11-05 12:43:43,242 INFO  [Log] Navigating to https://www.saucedemo.com/ 
2024-11-05 12:54:40,089 INFO  [Log] Test called: Testing the authentication has started 
2024-11-05 12:54:40,508 INFO  [Log] Navigating to https://www.saucedemo.com/ 
2024-11-05 13:04:24,783 INFO  [Log] Test called: Testing the authentication has started 
2024-11-05 13:04:25,170 INFO  [Log] Navigating to https://www.saucedemo.com/ 
2024-11-05 13:05:30,047 INFO  [Log] Test called: Testing the authentication has started 
2024-11-05 13:05:30,430 INFO  [Log] Navigating to https://www.saucedemo.com/ 
2024-11-05 13:05:35,222 INFO  [Log] Test called: Testing the purchase of several items has started 
2024-11-05 13:05:35,592 INFO  [Log] Navigating to https://www.saucedemo.com/ 
2024-11-05 13:05:41,002 INFO  [Log] Test called: testing end to end has started 
2024-11-05 13:05:41,361 INFO  [Log] Navigating to https://www.saucedemo.com/ 
2024-11-05 13:07:29,140 INFO  [Log] Test called: Testing the authentication has started 
2024-11-05 13:07:29,533 INFO  [Log] Navigating to https://www.saucedemo.com/ 
2024-11-05 13:08:10,542 INFO  [Log] Test called: Testing the authentication has started 
2024-11-05 13:08:10,905 INFO  [Log] Navigating to https://www.saucedemo.com/ 
2024-11-05 13:10:15,423 INFO  [Log] Test called: Testing the authentication has started 
2024-11-05 13:10:15,926 INFO  [Log] Navigating to https://www.saucedemo.com/ 
2024-11-05 13:10:58,825 INFO  [Log] Test called: Testing the authentication has started 
2024-11-05 13:10:59,306 INFO  [Log] Navigating to https://www.saucedemo.com/ 
2024-11-05 13:11:04,181 INFO  [Log] Test called: Testing the purchase of several items has started 
2024-11-05 13:11:04,596 INFO  [Log] Navigating to https://www.saucedemo.com/ 
2024-11-05 13:11:09,792 INFO  [Log] Test called: testing end to end has started 
2024-11-05 13:11:10,184 INFO  [Log] Navigating to https://www.saucedemo.com/ 
2024-11-05 13:20:48,589 INFO  [Log] Test called: Testing the authentication has started 
2024-11-05 13:20:48,966 INFO  [Log] Navigating to https://www.saucedemo.com/ 
2024-11-05 13:20:53,888 INFO  [Log] Test called: Testing the purchase of several items has started 
2024-11-05 13:20:54,246 INFO  [Log] Navigating to https://www.saucedemo.com/ 
2024-11-05 13:20:59,290 INFO  [Log] Test called: testing end to end has started 
2024-11-05 13:20:59,663 INFO  [Log] Navigating to https://www.saucedemo.com/ 
2024-11-05 13:21:25,804 INFO  [Log] Test called: Testing the authentication has started 
2024-11-05 13:21:26,137 INFO  [Log] Navigating to https://www.saucedemo.com/ 
2024-11-05 13:26:58,698 INFO  [Log] Test called: Testing the authentication has started 
2024-11-05 13:26:59,058 INFO  [Log] Navigating to https://www.saucedemo.com/ 
2024-11-05 13:27:03,772 INFO  [Log] Test called: Testing the purchase of several items has started 
2024-11-05 13:27:04,189 INFO  [Log] Navigating to https://www.saucedemo.com/ 
2024-11-05 13:27:09,365 INFO  [Log] Test called: testing end to end has started 
2024-11-05 13:27:09,711 INFO  [Log] Navigating to https://www.saucedemo.com/ 
2024-11-05 13:28:28,689 INFO  [Log] Test called: Testing the authentication has started 
2024-11-05 13:28:30,603 INFO  [Log] Navigating to https://www.saucedemo.com/ 
2024-11-05 13:28:56,543 INFO  [Log] Test called: Testing the purchase of several items has started 
2024-11-05 13:28:56,920 INFO  [Log] Navigating to https://www.saucedemo.com/ 
2024-11-05 13:29:22,655 INFO  [Log] Test called: testing end to end has started 
2024-11-05 13:29:23,035 INFO  [Log] Navigating to https://www.saucedemo.com/ 
2024-11-05 13:35:30,591 INFO  [Log] Test called: Testing the authentication has started 
2024-11-05 13:35:31,033 INFO  [Log] Navigating to https://www.saucedemo.com/ 
2024-11-05 13:36:36,961 INFO  [Log] Test called: Testing the authentication has started 
2024-11-05 13:36:37,318 INFO  [Log] Navigating to https://www.saucedemo.com/ 
2024-11-05 13:37:03,467 INFO  [Log] Test called: Testing the purchase of several items has started 
2024-11-05 13:37:04,026 INFO  [Log] Navigating to https://www.saucedemo.com/ 
2024-11-05 13:37:29,740 INFO  [Log] Test called: testing end to end has started 
2024-11-05 13:37:30,169 INFO  [Log] Navigating to https://www.saucedemo.com/ 
2024-11-05 13:39:03,893 INFO  [Log] Test called: Testing the authentication has started 
2024-11-05 13:39:04,265 INFO  [Log] Navigating to https://www.saucedemo.com/ 
2024-11-05 13:39:30,433 INFO  [Log] Test called: Testing the purchase of several items has started 
2024-11-05 13:39:30,783 INFO  [Log] Navigating to https://www.saucedemo.com/ 
2024-11-05 13:39:56,538 INFO  [Log] Test called: testing end to end has started 
2024-11-05 13:39:56,878 INFO  [Log] Navigating to https://www.saucedemo.com/ 
2024-11-05 13:42:38,789 INFO  [Log] Test called: Testing the authentication has started 
2024-11-05 13:42:39,172 INFO  [Log] Navigating to https://www.saucedemo.com/ 
2024-11-05 13:43:05,107 INFO  [Log] Test called: Testing the purchase of several items has started 
2024-11-05 13:43:05,501 INFO  [Log] Navigating to https://www.saucedemo.com/ 
2024-11-05 13:43:31,452 INFO  [Log] Test called: testing end to end has started 
2024-11-05 13:43:31,862 INFO  [Log] Navigating to https://www.saucedemo.com/ 
2024-11-05 14:14:34,643 INFO  [Log] Test called: Testing the authentication has started 
2024-11-05 14:14:35,083 INFO  [Log] Navigating to https://www.saucedemo.com/ 
2024-11-05 14:14:39,920 INFO  [Log] Test called: Testing the purchase of several items has started 
2024-11-05 14:14:40,025 INFO  [Log] Navigating to https://www.saucedemo.com/ 
2024-11-05 14:14:46,173 INFO  [Log] Test called: testing end to end has started 
2024-11-05 14:14:46,542 INFO  [Log] Navigating to https://www.saucedemo.com/ 
2024-11-05 14:22:23,849 INFO  [Log] Test called: Testing the authentication has started 
2024-11-05 14:22:24,250 INFO  [Log] Navigating to https://www.saucedemo.com/ 
2024-11-05 14:22:29,101 INFO  [Log] Test called: Testing the purchase of several items has started 
2024-11-05 14:22:29,469 INFO  [Log] Navigating to https://www.saucedemo.com/ 
2024-11-05 14:22:34,782 INFO  [Log] Test called: testing end to end has started 
2024-11-05 14:22:35,169 INFO  [Log] Navigating to https://www.saucedemo.com/ 
2024-11-06 14:34:08,044 INFO  [Log] Test called: Testing the authentication has started 
2024-11-06 14:34:08,449 INFO  [Log] Navigating to https://www.saucedemo.com/ 
2024-11-06 16:27:06,575 INFO  [Log] Test called: Testing the authentication has started 
2024-11-06 16:27:07,179 INFO  [Log] Navigating to https://www.saucedemo.com/ 
2024-11-06 16:27:07,619 INFO  [Log] Adding username and password and clicking the login button 
2024-11-06 16:27:07,690 INFO  [Log] Red shirt is added to cart 
2024-11-06 16:27:07,750 INFO  [Log] Backpack is added to cart 
2024-11-06 16:27:07,800 INFO  [Log] Bike Light is added to cart 
2024-11-06 16:27:07,863 INFO  [Log] CART button is clicked 
2024-11-06 16:27:07,897 INFO  [Log] The Red t-shirt is added 
2024-11-06 16:27:07,918 INFO  [Log] The backpack is added 
2024-11-06 16:27:07,940 INFO  [Log] The bike light is added 
2024-11-06 16:27:12,062 INFO  [Log] Test called: Testing the purchase of several items has started 
2024-11-06 16:27:12,450 INFO  [Log] Navigating to https://www.saucedemo.com/ 
2024-11-06 16:27:12,796 INFO  [Log] Adding username and password and clicking the login button 
2024-11-06 16:27:12,869 INFO  [Log] Red shirt is added to cart 
2024-11-06 16:27:12,935 INFO  [Log] Backpack is added to cart 
2024-11-06 16:27:12,986 INFO  [Log] Bike Light is added to cart 
2024-11-06 16:27:13,041 INFO  [Log] CART button is clicked 
2024-11-06 16:27:13,087 INFO  [Log] The Red t-shirt is added 
2024-11-06 16:27:13,112 INFO  [Log] The backpack is added 
2024-11-06 16:27:13,132 INFO  [Log] The bike light is added 
2024-11-06 16:27:13,279 INFO  [Log] Clicked on checkout button 
2024-11-06 16:27:13,379 INFO  [Log] Added First NameMaresal 
2024-11-06 16:27:13,466 INFO  [Log] Added Last NameAntonescu 
2024-11-06 16:27:13,549 INFO  [Log] Added Postal Code222311 
2024-11-06 16:27:13,614 INFO  [Log] Clicked Continue 
2024-11-06 16:27:13,693 INFO  [Log] The items in cart are: Sauce Labs Backpack, Sauce Labs Bike Light, Test.allTheThings() T-Shirt (Red) 
2024-11-06 16:27:13,740 INFO  [Log] Finishing the checkout process 
2024-11-06 16:27:13,770 INFO  [Log] Thank you for order is displayed 
2024-11-06 16:27:13,789 INFO  [Log] Thank you message is displayed 
2024-11-06 16:27:17,680 INFO  [Log] Test called: testing end to end has started 
2024-11-06 16:27:18,070 INFO  [Log] Navigating to https://www.saucedemo.com/ 
2024-11-06 16:27:18,378 INFO  [Log] Adding username and password and clicking the login button 
2024-11-06 16:27:18,405 INFO  [Log] Authentication is successful 
